{
  "stats": {
    "suites": 1,
    "tests": 1,
    "passes": 1,
    "pending": 0,
    "failures": 0,
    "start": "2022-11-02T20:58:06.587Z",
    "end": "2022-11-02T20:58:06.590Z",
    "duration": 3,
    "testsRegistered": 1,
    "passPercent": 100,
    "pendingPercent": 0,
    "other": 0,
    "hasOther": false,
    "skipped": 0,
    "hasSkipped": false
  },
  "results": [
    {
      "uuid": "66f3b47d-4eb1-4500-b547-ebbab729c2ff",
      "title": "",
      "fullFile": "/home/runner/work/iubh-campus-sync/iubh-campus-sync/test/lib/index.ts",
      "file": "/test/lib/index.ts",
      "beforeHooks": [],
      "afterHooks": [],
      "tests": [],
      "suites": [
        {
          "uuid": "268abb7e-008f-42f4-becb-7c7dd75dbb32",
          "title": "Example",
          "fullFile": "/home/runner/work/iubh-campus-sync/iubh-campus-sync/test/lib/index.ts",
          "file": "/test/lib/index.ts",
          "beforeHooks": [],
          "afterHooks": [],
          "tests": [
            {
              "title": "should do something",
              "fullTitle": "Example should do something",
              "timedOut": false,
              "duration": 0,
              "state": "passed",
              "speed": "fast",
              "pass": true,
              "fail": false,
              "pending": false,
              "context": null,
              "code": "assert.ok(true);",
              "err": {},
              "uuid": "b929036f-ef45-4783-b19d-89f88e02d04e",
              "parentUUID": "268abb7e-008f-42f4-becb-7c7dd75dbb32",
              "isHook": false,
              "skipped": false
            }
          ],
          "suites": [],
          "passes": [
            "b929036f-ef45-4783-b19d-89f88e02d04e"
          ],
          "failures": [],
          "pending": [],
          "skipped": [],
          "duration": 0,
          "root": false,
          "rootEmpty": false,
          "_timeout": 2000
        }
      ],
      "passes": [],
      "failures": [],
      "pending": [],
      "skipped": [],
      "duration": 0,
      "root": true,
      "rootEmpty": true,
      "_timeout": 2000
    }
  ],
  "meta": {
    "mocha": {
      "version": "10.1.0"
    },
    "mochawesome": {
      "options": {
        "quiet": false,
        "reportFilename": "mochawesome",
        "saveHtml": true,
        "saveJson": true,
        "consoleReporter": "spec",
        "useInlineDiffs": false,
        "code": true
      },
      "version": "7.1.3"
    },
    "marge": {
      "options": null,
      "version": "6.2.0"
    }
  }
}